<?xml version="1.0" encoding="UTF-8" ?>
<testsuite tests="1" failures="0" name="org.processhub.task2stack.core.AppTest" time="0.004" errors="0" skipped="0">
  <properties>
    <property name="java.runtime.name" value="Java(TM) SE Runtime Environment"/>
    <property name="sun.boot.library.path" value="/Library/Java/JavaVirtualMachines/jdk1.8.0_121.jdk/Contents/Home/jre/lib"/>
    <property name="java.vm.version" value="25.121-b13"/>
    <property name="user.country.format" value="BR"/>
    <property name="gopherProxySet" value="false"/>
    <property name="java.vm.vendor" value="Oracle Corporation"/>
    <property name="java.vendor.url" value="http://java.oracle.com/"/>
    <property name="path.separator" value=":"/>
    <property name="guice.disable.misplaced.annotation.check" value="true"/>
    <property name="java.vm.name" value="Java HotSpot(TM) 64-Bit Server VM"/>
    <property name="file.encoding.pkg" value="sun.io"/>
    <property name="user.country" value="US"/>
    <property name="sun.java.launcher" value="SUN_STANDARD"/>
    <property name="sun.os.patch.level" value="unknown"/>
    <property name="java.vm.specification.name" value="Java Virtual Machine Specification"/>
    <property name="user.dir" value="/Users/utelemaco/development/workspaceUFRJ/task2stack-core/task2stack-core"/>
    <property name="java.runtime.version" value="1.8.0_121-b13"/>
    <property name="java.awt.graphicsenv" value="sun.awt.CGraphicsEnvironment"/>
    <property name="java.endorsed.dirs" value="/Library/Java/JavaVirtualMachines/jdk1.8.0_121.jdk/Contents/Home/jre/lib/endorsed"/>
    <property name="os.arch" value="x86_64"/>
    <property name="java.io.tmpdir" value="/var/folders/qq/rvb401jj7_n3mt6vbgn5r2b40000gp/T/"/>
    <property name="line.separator" value="
"/>
    <property name="java.vm.specification.vendor" value="Oracle Corporation"/>
    <property name="https.proxyHost" value="10.0.0.1"/>
    <property name="os.name" value="Mac OS X"/>
    <property name="classworlds.conf" value="/Users/utelemaco/development/apache-maven-3.2.3/bin/m2.conf"/>
    <property name="sun.jnu.encoding" value="UTF-8"/>
    <property name="java.library.path" value="/Users/utelemaco/Library/Java/Extensions:/Library/Java/Extensions:/Network/Library/Java/Extensions:/System/Library/Java/Extensions:/usr/lib/java:."/>
    <property name="http.proxyPort" value="3128"/>
    <property name="java.specification.name" value="Java Platform API Specification"/>
    <property name="java.class.version" value="52.0"/>
    <property name="sun.management.compiler" value="HotSpot 64-Bit Tiered Compilers"/>
    <property name="os.version" value="10.10.2"/>
    <property name="http.nonProxyHosts" value="ts-n4dese02|*.ts-n4dese02|10.0.0.231|10.0.0.250|10.0.0.238|10.0.0.248|192.168.254.1|10.0.0.102|10.0.0.155|10.0.0.156|10.0.0.7|10.0.0.1|10.0.0.2|10.0.0.9|127.0.0.1|10.0.0.177|localhost|*.localhost|local|*.local|169.254/16|*.169.254/16|iastst|*.iastst|iashom|*.iashom|iasdsv|*.iasdsv|iasprd|*.iasprd|clus-exch|*.clus-exch|172.27.254.17|172.27.254.13|172.27.254.14|172.27.254.35|172.27.254.65|iashom.loginlogistica.com.br|*.iashom.loginlogistica.com.br|iastst.loginlogistica.com.br|*.iastst.loginlogistica.com.br|iasdsv.loginlogistica.com.br|*.iasdsv.loginlogistica.com.br|iasprd.loginlogistica.com.br|*.iasprd.loginlogistica.com.br|222online.loginlogistica.com.br|*.222online.loginlogistica.com.br|svn.owse.net|*.svn.owse.net|172.27.254.103|172.27.254.102|10.0.0.55|10.0.0.172|owse.net|*.owse.net|portalas.loginlogistica.com.br|*.portalas.loginlogistica.com.br|portalas|*.portalas|172.27.254.51|10.0.0.3|locasdsvlg01.loginlogistica.com.br|*.locasdsvlg01.loginlogistica.com.br|homsoa.loginlogistica.com.br|*.homsoa.loginlogistica.com.br|iasprd02.loginlogistica.com.br|*.iasprd02.loginlogistica.com.br|iasprd02|*.iasprd02|172.27.254.165|locashomol01.loginlogistica.com.br|*.locashomol01.loginlogistica.com.br|dlap02.owse.net|*.dlap02.owse.net|logintvvsi01|*.logintvvsi01|logintvvsi01.loginlogistica.com.br|*.logintvvsi01.loginlogistica.com.br|iasprod|*.iasprod|iasprod.loginlogistica.com.br|*.iasprod.loginlogistica.com.br|172.27.254.114|172.27.254.18|locasprdlg01.loginlogistica.com.br|*.locasprdlg01.loginlogistica.com.br|172.27.254.68|iashom02.loginlogistica.com.br|*.iashom02.loginlogistica.com.br|172.27.254.109|iashom02|*.iashom02|10.0.0.142|10.0.0.33|locashmllg01.loginlogistica.com.br|*.locashmllg01.loginlogistica.com.br|172.27.254.93|prdsoa.loginlogistica.com.br|*.prdsoa.loginlogistica.com.br|locasdsvlg01|*.locasdsvlg01|172.27.254.83|portaldeaplicativos.loginlogistica.com.br|*.portaldeaplicativos.loginlogistica.com.br|172.27.254.5|172.27.254.0/24|*.172.27.254.0/24|172.27.254.96|172.27.254.173|LOGIN-SDM03|*.LOGIN-SDM03|loginrionh01.loginlogistica.com.br|*.loginrionh01.loginlogistica.com.br|redmine.owse.net|*.redmine.owse.net|loginrionp01.loginlogistica.com.br|*.loginrionp01.loginlogistica.com.br|logintstws01.loginlogistica.com.br|*.logintstws01.loginlogistica.com.br|locasdsvlg02.loginlogistica.com.br|*.locasdsvlg02.loginlogistica.com.br|locashmllg03.loginlogistica.com.br|*.locashmllg03.loginlogistica.com.br|10.0.0.5|cte-homologacao.svrs.rs.gov.br|*.cte-homologacao.svrs.rs.gov.br|ctxhomol01.loginlogistica.com.br|*.ctxhomol01.loginlogistica.com.br|svn.loginlogistica.com.br|*.svn.loginlogistica.com.br|logindsvws01.loginlogistica.com.br|*.logindsvws01.loginlogistica.com.br|llmghml01.loginlogistica.com.br|*.llmghml01.loginlogistica.com.br|llmgprd03.loginlogistica.com.br|*.llmgprd03.loginlogistica.com.br|logintstws02.loginlogistica.com.br|*.logintstws02.loginlogistica.com.br|loginprdws01.loginlogistica.com.br|*.loginprdws01.loginlogistica.com.br|loginprdws02.loginlogistica.com.br|*.loginprdws02.loginlogistica.com.br|loginhomws01.loginlogistica.com.br|*.loginhomws01.loginlogistica.com.br|172.27.254.98|172.27.254.105|scan.loginlogistica.com.br|*.scan.loginlogistica.com.br|logintvvnh03.loginlogistica.com.br|*.logintvvnh03.loginlogistica.com.br|172.27.224.102|172.27.224.79"/>
    <property name="user.home" value="/Users/utelemaco"/>
    <property name="user.timezone" value="America/Sao_Paulo"/>
    <property name="java.awt.printerjob" value="sun.lwawt.macosx.CPrinterJob"/>
    <property name="java.specification.version" value="1.8"/>
    <property name="file.encoding" value="UTF-8"/>
    <property name="user.name" value="utelemaco"/>
    <property name="java.class.path" value="/Users/utelemaco/development/apache-maven-3.2.3/boot/plexus-classworlds-2.5.1.jar"/>
    <property name="java.vm.specification.version" value="1.8"/>
    <property name="sun.arch.data.model" value="64"/>
    <property name="java.home" value="/Library/Java/JavaVirtualMachines/jdk1.8.0_121.jdk/Contents/Home/jre"/>
    <property name="sun.java.command" value="org.codehaus.plexus.classworlds.launcher.Launcher install"/>
    <property name="java.specification.vendor" value="Oracle Corporation"/>
    <property name="user.language" value="en"/>
    <property name="user.language.format" value="pt"/>
    <property name="awt.toolkit" value="sun.lwawt.macosx.LWCToolkit"/>
    <property name="java.vm.info" value="mixed mode"/>
    <property name="java.version" value="1.8.0_121"/>
    <property name="java.ext.dirs" value="/Users/utelemaco/Library/Java/Extensions:/Library/Java/JavaVirtualMachines/jdk1.8.0_121.jdk/Contents/Home/jre/lib/ext:/Library/Java/Extensions:/Network/Library/Java/Extensions:/System/Library/Java/Extensions:/usr/lib/java"/>
    <property name="http.proxyHost" value="10.0.0.1"/>
    <property name="sun.boot.class.path" value="/Library/Java/JavaVirtualMachines/jdk1.8.0_121.jdk/Contents/Home/jre/lib/resources.jar:/Library/Java/JavaVirtualMachines/jdk1.8.0_121.jdk/Contents/Home/jre/lib/rt.jar:/Library/Java/JavaVirtualMachines/jdk1.8.0_121.jdk/Contents/Home/jre/lib/sunrsasign.jar:/Library/Java/JavaVirtualMachines/jdk1.8.0_121.jdk/Contents/Home/jre/lib/jsse.jar:/Library/Java/JavaVirtualMachines/jdk1.8.0_121.jdk/Contents/Home/jre/lib/jce.jar:/Library/Java/JavaVirtualMachines/jdk1.8.0_121.jdk/Contents/Home/jre/lib/charsets.jar:/Library/Java/JavaVirtualMachines/jdk1.8.0_121.jdk/Contents/Home/jre/lib/jfr.jar:/Library/Java/JavaVirtualMachines/jdk1.8.0_121.jdk/Contents/Home/jre/classes"/>
    <property name="java.vendor" value="Oracle Corporation"/>
    <property name="maven.home" value="/Users/utelemaco/development/apache-maven-3.2.3"/>
    <property name="file.separator" value="/"/>
    <property name="java.vendor.url.bug" value="http://bugreport.sun.com/bugreport/"/>
    <property name="sun.cpu.endian" value="little"/>
    <property name="sun.io.unicode.encoding" value="UnicodeBig"/>
    <property name="https.proxyPort" value="3128"/>
    <property name="socksNonProxyHosts" value="ts-n4dese02|*.ts-n4dese02|10.0.0.231|10.0.0.250|10.0.0.238|10.0.0.248|192.168.254.1|10.0.0.102|10.0.0.155|10.0.0.156|10.0.0.7|10.0.0.1|10.0.0.2|10.0.0.9|127.0.0.1|10.0.0.177|localhost|*.localhost|local|*.local|169.254/16|*.169.254/16|iastst|*.iastst|iashom|*.iashom|iasdsv|*.iasdsv|iasprd|*.iasprd|clus-exch|*.clus-exch|172.27.254.17|172.27.254.13|172.27.254.14|172.27.254.35|172.27.254.65|iashom.loginlogistica.com.br|*.iashom.loginlogistica.com.br|iastst.loginlogistica.com.br|*.iastst.loginlogistica.com.br|iasdsv.loginlogistica.com.br|*.iasdsv.loginlogistica.com.br|iasprd.loginlogistica.com.br|*.iasprd.loginlogistica.com.br|222online.loginlogistica.com.br|*.222online.loginlogistica.com.br|svn.owse.net|*.svn.owse.net|172.27.254.103|172.27.254.102|10.0.0.55|10.0.0.172|owse.net|*.owse.net|portalas.loginlogistica.com.br|*.portalas.loginlogistica.com.br|portalas|*.portalas|172.27.254.51|10.0.0.3|locasdsvlg01.loginlogistica.com.br|*.locasdsvlg01.loginlogistica.com.br|homsoa.loginlogistica.com.br|*.homsoa.loginlogistica.com.br|iasprd02.loginlogistica.com.br|*.iasprd02.loginlogistica.com.br|iasprd02|*.iasprd02|172.27.254.165|locashomol01.loginlogistica.com.br|*.locashomol01.loginlogistica.com.br|dlap02.owse.net|*.dlap02.owse.net|logintvvsi01|*.logintvvsi01|logintvvsi01.loginlogistica.com.br|*.logintvvsi01.loginlogistica.com.br|iasprod|*.iasprod|iasprod.loginlogistica.com.br|*.iasprod.loginlogistica.com.br|172.27.254.114|172.27.254.18|locasprdlg01.loginlogistica.com.br|*.locasprdlg01.loginlogistica.com.br|172.27.254.68|iashom02.loginlogistica.com.br|*.iashom02.loginlogistica.com.br|172.27.254.109|iashom02|*.iashom02|10.0.0.142|10.0.0.33|locashmllg01.loginlogistica.com.br|*.locashmllg01.loginlogistica.com.br|172.27.254.93|prdsoa.loginlogistica.com.br|*.prdsoa.loginlogistica.com.br|locasdsvlg01|*.locasdsvlg01|172.27.254.83|portaldeaplicativos.loginlogistica.com.br|*.portaldeaplicativos.loginlogistica.com.br|172.27.254.5|172.27.254.0/24|*.172.27.254.0/24|172.27.254.96|172.27.254.173|LOGIN-SDM03|*.LOGIN-SDM03|loginrionh01.loginlogistica.com.br|*.loginrionh01.loginlogistica.com.br|redmine.owse.net|*.redmine.owse.net|loginrionp01.loginlogistica.com.br|*.loginrionp01.loginlogistica.com.br|logintstws01.loginlogistica.com.br|*.logintstws01.loginlogistica.com.br|locasdsvlg02.loginlogistica.com.br|*.locasdsvlg02.loginlogistica.com.br|locashmllg03.loginlogistica.com.br|*.locashmllg03.loginlogistica.com.br|10.0.0.5|cte-homologacao.svrs.rs.gov.br|*.cte-homologacao.svrs.rs.gov.br|ctxhomol01.loginlogistica.com.br|*.ctxhomol01.loginlogistica.com.br|svn.loginlogistica.com.br|*.svn.loginlogistica.com.br|logindsvws01.loginlogistica.com.br|*.logindsvws01.loginlogistica.com.br|llmghml01.loginlogistica.com.br|*.llmghml01.loginlogistica.com.br|llmgprd03.loginlogistica.com.br|*.llmgprd03.loginlogistica.com.br|logintstws02.loginlogistica.com.br|*.logintstws02.loginlogistica.com.br|loginprdws01.loginlogistica.com.br|*.loginprdws01.loginlogistica.com.br|loginprdws02.loginlogistica.com.br|*.loginprdws02.loginlogistica.com.br|loginhomws01.loginlogistica.com.br|*.loginhomws01.loginlogistica.com.br|172.27.254.98|172.27.254.105|scan.loginlogistica.com.br|*.scan.loginlogistica.com.br|logintvvnh03.loginlogistica.com.br|*.logintvvnh03.loginlogistica.com.br|172.27.224.102|172.27.224.79"/>
    <property name="ftp.nonProxyHosts" value="ts-n4dese02|*.ts-n4dese02|10.0.0.231|10.0.0.250|10.0.0.238|10.0.0.248|192.168.254.1|10.0.0.102|10.0.0.155|10.0.0.156|10.0.0.7|10.0.0.1|10.0.0.2|10.0.0.9|127.0.0.1|10.0.0.177|localhost|*.localhost|local|*.local|169.254/16|*.169.254/16|iastst|*.iastst|iashom|*.iashom|iasdsv|*.iasdsv|iasprd|*.iasprd|clus-exch|*.clus-exch|172.27.254.17|172.27.254.13|172.27.254.14|172.27.254.35|172.27.254.65|iashom.loginlogistica.com.br|*.iashom.loginlogistica.com.br|iastst.loginlogistica.com.br|*.iastst.loginlogistica.com.br|iasdsv.loginlogistica.com.br|*.iasdsv.loginlogistica.com.br|iasprd.loginlogistica.com.br|*.iasprd.loginlogistica.com.br|222online.loginlogistica.com.br|*.222online.loginlogistica.com.br|svn.owse.net|*.svn.owse.net|172.27.254.103|172.27.254.102|10.0.0.55|10.0.0.172|owse.net|*.owse.net|portalas.loginlogistica.com.br|*.portalas.loginlogistica.com.br|portalas|*.portalas|172.27.254.51|10.0.0.3|locasdsvlg01.loginlogistica.com.br|*.locasdsvlg01.loginlogistica.com.br|homsoa.loginlogistica.com.br|*.homsoa.loginlogistica.com.br|iasprd02.loginlogistica.com.br|*.iasprd02.loginlogistica.com.br|iasprd02|*.iasprd02|172.27.254.165|locashomol01.loginlogistica.com.br|*.locashomol01.loginlogistica.com.br|dlap02.owse.net|*.dlap02.owse.net|logintvvsi01|*.logintvvsi01|logintvvsi01.loginlogistica.com.br|*.logintvvsi01.loginlogistica.com.br|iasprod|*.iasprod|iasprod.loginlogistica.com.br|*.iasprod.loginlogistica.com.br|172.27.254.114|172.27.254.18|locasprdlg01.loginlogistica.com.br|*.locasprdlg01.loginlogistica.com.br|172.27.254.68|iashom02.loginlogistica.com.br|*.iashom02.loginlogistica.com.br|172.27.254.109|iashom02|*.iashom02|10.0.0.142|10.0.0.33|locashmllg01.loginlogistica.com.br|*.locashmllg01.loginlogistica.com.br|172.27.254.93|prdsoa.loginlogistica.com.br|*.prdsoa.loginlogistica.com.br|locasdsvlg01|*.locasdsvlg01|172.27.254.83|portaldeaplicativos.loginlogistica.com.br|*.portaldeaplicativos.loginlogistica.com.br|172.27.254.5|172.27.254.0/24|*.172.27.254.0/24|172.27.254.96|172.27.254.173|LOGIN-SDM03|*.LOGIN-SDM03|loginrionh01.loginlogistica.com.br|*.loginrionh01.loginlogistica.com.br|redmine.owse.net|*.redmine.owse.net|loginrionp01.loginlogistica.com.br|*.loginrionp01.loginlogistica.com.br|logintstws01.loginlogistica.com.br|*.logintstws01.loginlogistica.com.br|locasdsvlg02.loginlogistica.com.br|*.locasdsvlg02.loginlogistica.com.br|locashmllg03.loginlogistica.com.br|*.locashmllg03.loginlogistica.com.br|10.0.0.5|cte-homologacao.svrs.rs.gov.br|*.cte-homologacao.svrs.rs.gov.br|ctxhomol01.loginlogistica.com.br|*.ctxhomol01.loginlogistica.com.br|svn.loginlogistica.com.br|*.svn.loginlogistica.com.br|logindsvws01.loginlogistica.com.br|*.logindsvws01.loginlogistica.com.br|llmghml01.loginlogistica.com.br|*.llmghml01.loginlogistica.com.br|llmgprd03.loginlogistica.com.br|*.llmgprd03.loginlogistica.com.br|logintstws02.loginlogistica.com.br|*.logintstws02.loginlogistica.com.br|loginprdws01.loginlogistica.com.br|*.loginprdws01.loginlogistica.com.br|loginprdws02.loginlogistica.com.br|*.loginprdws02.loginlogistica.com.br|loginhomws01.loginlogistica.com.br|*.loginhomws01.loginlogistica.com.br|172.27.254.98|172.27.254.105|scan.loginlogistica.com.br|*.scan.loginlogistica.com.br|logintvvnh03.loginlogistica.com.br|*.logintvvnh03.loginlogistica.com.br|172.27.224.102|172.27.224.79"/>
    <property name="sun.cpu.isalist" value=""/>
  </properties>
  <testcase classname="org.processhub.task2stack.core.AppTest" name="testApp" time="0.004"/>
</testsuite>